<?xml version="1.0" encoding="UTF-8"?>
<testng-results skipped="0" failed="0" ignored="0" total="1" passed="1">
  <reporter-output>
  </reporter-output>
  <suite name="Default suite" duration-ms="89" started-at="2022-09-06T12:37:04 IST" finished-at="2022-09-06T12:37:04 IST">
    <groups>
    </groups>
    <test name="Default test" duration-ms="89" started-at="2022-09-06T12:37:04 IST" finished-at="2022-09-06T12:37:04 IST">
      <class name="Slenium_grid.Sorting">
        <test-method status="PASS" signature="SortingElementInAscendingOrder()[pri:0, instance:Slenium_grid.Sorting@3043fe0e]" name="SortingElementInAscendingOrder" duration-ms="15" started-at="2022-09-06T12:37:04 IST" finished-at="2022-09-06T12:37:04 IST">
          <reporter-output>
          </reporter-output>
        </test-method> <!-- SortingElementInAscendingOrder -->
      </class> <!-- Slenium_grid.Sorting -->
    </test> <!-- Default test -->
  </suite> <!-- Default suite -->
</testng-results>
